Identity added: /tmp/tmpXve87M (/tmp/tmpXve87M)
sudo password: 

PLAY [Web Servers] ************************************************************ 

GATHERING FACTS *************************************************************** 
ok: [localhost]

TASK: [ensure apache is at the latest version] ******************************** 
changed: [localhost]

TASK: [ensure apache is running] ********************************************** 
changed: [localhost]

NOTIFIED: [restart apache] **************************************************** 
failed: [localhost] => {"failed": true}
msg: rm: cannot remove `/var/run/httpd/httpd.pid': Permission denied
rm: cannot remove `/var/lock/subsys/httpd': Permission denied
rm: cannot remove `/var/run/httpd/httpd.pid': Permission denied
httpd: apr_sockaddr_info_get() failed for juniper2
httpd: Could not reliably determine the server's fully qualified domain name, using 127.0.0.1 for ServerName
(13)Permission denied: make_sock: could not bind to address [::]:80
(13)Permission denied: make_sock: could not bind to address 0.0.0.0:80
no listening sockets available, shutting down
Unable to open logs


FATAL: all hosts have already failed -- aborting

PLAY RECAP ******************************************************************** 
           to retry, use: --limit @/home/ansible/web.retry

localhost                  : ok=3    changed=2    unreachable=0    failed=1   

